c:\users\hello\desktop\cppcoursework2021-v101\debug\courseworkbase2020.bsc
c:\users\hello\desktop\cppcoursework2021-v101\debug\vc142.pdb
c:\users\hello\desktop\cppcoursework2021-v101\debug\bgm.sbr
c:\users\hello\desktop\cppcoursework2021-v101\debug\bullet.sbr
c:\users\hello\desktop\cppcoursework2021-v101\debug\choosestate.sbr
c:\users\hello\desktop\cppcoursework2021-v101\debug\draggingdemo.sbr
c:\users\hello\desktop\cppcoursework2021-v101\debug\drawingsurface.sbr
c:\users\hello\desktop\cppcoursework2021-v101\debug\flashingdemo.sbr
c:\users\hello\desktop\cppcoursework2021-v101\debug\helpstate.sbr
c:\users\hello\desktop\cppcoursework2021-v101\debug\imagemappingdemo.sbr
c:\users\hello\desktop\cppcoursework2021-v101\debug\loadstate.sbr
c:\users\hello\desktop\cppcoursework2021-v101\debug\mainfunction.sbr
c:\users\hello\desktop\cppcoursework2021-v101\debug\baseengine.sbr
c:\users\hello\desktop\cppcoursework2021-v101\debug\displayableobject.sbr
c:\users\hello\desktop\cppcoursework2021-v101\debug\fontmanager.sbr
c:\users\hello\desktop\cppcoursework2021-v101\debug\movingpokemon.sbr
c:\users\hello\desktop\cppcoursework2021-v101\debug\movingpokemon2.sbr
c:\users\hello\desktop\cppcoursework2021-v101\debug\mydemoa.sbr
c:\users\hello\desktop\cppcoursework2021-v101\debug\myobjectb.sbr
c:\users\hello\desktop\cppcoursework2021-v101\debug\mytilemanager.sbr
c:\users\hello\desktop\cppcoursework2021-v101\debug\runningstate.sbr
c:\users\hello\desktop\cppcoursework2021-v101\debug\savestate.sbr
c:\users\hello\desktop\cppcoursework2021-v101\debug\savestate.obj
c:\users\hello\desktop\cppcoursework2021-v101\debug\runningstate.obj
c:\users\hello\desktop\cppcoursework2021-v101\debug\mytilemanager.obj
c:\users\hello\desktop\cppcoursework2021-v101\debug\myobjectb.obj
c:\users\hello\desktop\cppcoursework2021-v101\debug\mydemoa.obj
c:\users\hello\desktop\cppcoursework2021-v101\debug\movingpokemon2.obj
c:\users\hello\desktop\cppcoursework2021-v101\debug\movingpokemon.obj
c:\users\hello\desktop\cppcoursework2021-v101\debug\fontmanager.obj
c:\users\hello\desktop\cppcoursework2021-v101\debug\displayableobject.obj
c:\users\hello\desktop\cppcoursework2021-v101\debug\baseengine.obj
c:\users\hello\desktop\cppcoursework2021-v101\debug\mainfunction.obj
c:\users\hello\desktop\cppcoursework2021-v101\debug\loadstate.obj
c:\users\hello\desktop\cppcoursework2021-v101\debug\imagemappingdemo.obj
c:\users\hello\desktop\cppcoursework2021-v101\debug\helpstate.obj
c:\users\hello\desktop\cppcoursework2021-v101\debug\flashingdemo.obj
c:\users\hello\desktop\cppcoursework2021-v101\debug\drawingsurface.obj
c:\users\hello\desktop\cppcoursework2021-v101\debug\draggingdemo.obj
c:\users\hello\desktop\cppcoursework2021-v101\debug\choosestate.obj
c:\users\hello\desktop\cppcoursework2021-v101\debug\bullet.obj
c:\users\hello\desktop\cppcoursework2021-v101\debug\bgm.obj
c:\users\hello\desktop\cppcoursework2021-v101\debug\scorestate.sbr
c:\users\hello\desktop\cppcoursework2021-v101\debug\scyzc3engine.sbr
c:\users\hello\desktop\cppcoursework2021-v101\debug\scyzc3object.sbr
c:\users\hello\desktop\cppcoursework2021-v101\debug\scyzc3tilemanager.sbr
c:\users\hello\desktop\cppcoursework2021-v101\debug\simpleimage.sbr
c:\users\hello\desktop\cppcoursework2021-v101\debug\simpledemo.sbr
c:\users\hello\desktop\cppcoursework2021-v101\debug\starfielddemo.sbr
c:\users\hello\desktop\cppcoursework2021-v101\debug\startupstate.sbr
c:\users\hello\desktop\cppcoursework2021-v101\debug\tilemanager.sbr
c:\users\hello\desktop\cppcoursework2021-v101\debug\bouncingball.sbr
c:\users\hello\desktop\cppcoursework2021-v101\debug\bouncingballmain.sbr
c:\users\hello\desktop\cppcoursework2021-v101\debug\winstate.sbr
c:\users\hello\desktop\cppcoursework2021-v101\debug\zoomingdemo.sbr
c:\users\hello\desktop\cppcoursework2021-v101\debug\zoomingdemo.obj
c:\users\hello\desktop\cppcoursework2021-v101\debug\winstate.obj
c:\users\hello\desktop\cppcoursework2021-v101\debug\bouncingballmain.obj
c:\users\hello\desktop\cppcoursework2021-v101\debug\bouncingball.obj
c:\users\hello\desktop\cppcoursework2021-v101\debug\tilemanager.obj
c:\users\hello\desktop\cppcoursework2021-v101\debug\startupstate.obj
c:\users\hello\desktop\cppcoursework2021-v101\debug\starfielddemo.obj
c:\users\hello\desktop\cppcoursework2021-v101\debug\simpledemo.obj
c:\users\hello\desktop\cppcoursework2021-v101\debug\simpleimage.obj
c:\users\hello\desktop\cppcoursework2021-v101\debug\scyzc3tilemanager.obj
c:\users\hello\desktop\cppcoursework2021-v101\debug\scyzc3object.obj
c:\users\hello\desktop\cppcoursework2021-v101\debug\scyzc3engine.obj
c:\users\hello\desktop\cppcoursework2021-v101\debug\scorestate.obj
c:\users\hello\desktop\cppcoursework2021-v101\debug\mazedemomain.sbr
c:\users\hello\desktop\cppcoursework2021-v101\debug\mazedemoobject.sbr
c:\users\hello\desktop\cppcoursework2021-v101\debug\mazedemotilemanager.sbr
c:\users\hello\desktop\cppcoursework2021-v101\debug\mazedemotilemanager.obj
c:\users\hello\desktop\cppcoursework2021-v101\debug\mazedemoobject.obj
c:\users\hello\desktop\cppcoursework2021-v101\debug\mazedemomain.obj
c:\users\hello\desktop\cppcoursework2021-v101\debug\courseworkbase2020.exe
c:\users\hello\desktop\cppcoursework2021-v101\debug\courseworkbase2020.ilk
c:\users\hello\desktop\cppcoursework2021-v101\src\map
c:\users\hello\desktop\cppcoursework2021-v101\debug\courseworkbase2020.pdb
c:\users\hello\desktop\cppcoursework2021-v101\/debug\courseworkbase2020.bsc
c:\users\hello\desktop\cppcoursework2021-v101\/debug\courseworkbase2020.ilk
c:\users\hello\desktop\cppcoursework2021-v101\debug\coursewo.63f64093.tlog\bscmake.command.1.tlog
c:\users\hello\desktop\cppcoursework2021-v101\debug\coursewo.63f64093.tlog\bscmake.read.1.tlog
c:\users\hello\desktop\cppcoursework2021-v101\debug\coursewo.63f64093.tlog\bscmake.write.1.tlog
c:\users\hello\desktop\cppcoursework2021-v101\debug\coursewo.63f64093.tlog\cl.command.1.tlog
c:\users\hello\desktop\cppcoursework2021-v101\debug\coursewo.63f64093.tlog\cl.read.1.tlog
c:\users\hello\desktop\cppcoursework2021-v101\debug\coursewo.63f64093.tlog\cl.write.1.tlog
c:\users\hello\desktop\cppcoursework2021-v101\debug\coursewo.63f64093.tlog\link.command.1.tlog
c:\users\hello\desktop\cppcoursework2021-v101\debug\coursewo.63f64093.tlog\link.read.1.tlog
c:\users\hello\desktop\cppcoursework2021-v101\debug\coursewo.63f64093.tlog\link.write.1.tlog
